Bars launched...
polybar|warn:  No monitor specified, using "eDP-1"
polybar|warn:  No monitor specified, using "eDP-1"
polybar|error: Disabling module "wlan" (reason: Invalid network interface "wlp3s0")
polybar|error: Disabling module "battery" (reason: No suitable way to get current capacity value)
polybar|warn:  Termination signal received, shutting down...
polybar|warn:  Termination signal received, shutting down...
Bars launched...
polybar|warn:  No monitor specified, using "eDP-1"
polybar|warn:  No monitor specified, using "eDP-1"
polybar|error: Disabling module "battery" (reason: No suitable way to get current capacity value)
polybar|warn:  Termination signal received, shutting down...
polybar|warn:  Termination signal received, shutting down...
Bars launched...
polybar|warn:  No monitor specified, using "eDP-1"
polybar|error: Disabling module "battery" (reason: No suitable way to get current capacity value)
polybar|warn:  Termination signal received, shutting down...
Bars launched...
polybar|warn:  No monitor specified, using "eDP-1"
polybar|error: Disabling module "battery" (reason: No suitable way to get current capacity value)
polybar|warn:  Termination signal received, shutting down...
